#-----------------------------------------------------------
# Vivado v2020.1 (64-bit)
# SW Build 2902540 on Wed May 27 19:54:49 MDT 2020
# IP Build 2902112 on Wed May 27 22:43:36 MDT 2020
# Start of session at: Fri Sep 16 21:08:04 2022
# Process ID: 21148
# Current directory: D:/dataD files/FPGA Lab/Lab3/count_up_down
# Command line: vivado.exe -gui_launcher_event rodinguilauncherevent23420 D:\dataD files\FPGA Lab\Lab3\count_up_down\count_up_down.xpr
# Log file: D:/dataD files/FPGA Lab/Lab3/count_up_down/vivado.log
# Journal file: D:/dataD files/FPGA Lab/Lab3/count_up_down\vivado.jou
#-----------------------------------------------------------
start_gui
open_project {D:/dataD files/FPGA Lab/Lab3/count_up_down/count_up_down.xpr}
INFO: [Project 1-313] Project file moved from 'D:/FPGA Lab/Lab3/count_up_down' since last save.
Scanning sources...
Finished scanning sources
INFO: [IP_Flow 19-234] Refreshing IP repositories
INFO: [IP_Flow 19-1704] No user IP repositories specified
INFO: [IP_Flow 19-2313] Loaded Vivado IP repository 'C:/VIVADO/Vivado/2020.1/data/ip'.
open_project: Time (s): cpu = 00:00:20 ; elapsed = 00:00:07 . Memory (MB): peak = 1026.410 ; gain = 0.000
update_compile_order -fileset sources_1
synth_design -rtl -name rtl_1
Command: synth_design -rtl -name rtl_1
Starting synth_design
Using part: xc7z020clg484-1
Top: countFSM
INFO: [Device 21-403] Loading part xc7z020clg484-1
---------------------------------------------------------------------------------
Starting RTL Elaboration : Time (s): cpu = 00:00:05 ; elapsed = 00:00:05 . Memory (MB): peak = 1380.781 ; gain = 238.371
---------------------------------------------------------------------------------
INFO: [Synth 8-6157] synthesizing module 'countFSM' [D:/dataD files/FPGA Lab/Lab3/count_up_down/count_up_down.srcs/sources_1/new/up_down_count.v:23]
	Parameter S0 bound to: 2'b00 
	Parameter S1 bound to: 2'b01 
	Parameter S2 bound to: 2'b10 
	Parameter S3 bound to: 2'b11 
INFO: [Synth 8-226] default block is never used [D:/dataD files/FPGA Lab/Lab3/count_up_down/count_up_down.srcs/sources_1/new/up_down_count.v:72]
INFO: [Synth 8-6155] done synthesizing module 'countFSM' (1#1) [D:/dataD files/FPGA Lab/Lab3/count_up_down/count_up_down.srcs/sources_1/new/up_down_count.v:23]
---------------------------------------------------------------------------------
Finished RTL Elaboration : Time (s): cpu = 00:00:06 ; elapsed = 00:00:06 . Memory (MB): peak = 1430.629 ; gain = 288.219
---------------------------------------------------------------------------------
---------------------------------------------------------------------------------
Start Handling Custom Attributes
---------------------------------------------------------------------------------
---------------------------------------------------------------------------------
Finished Handling Custom Attributes : Time (s): cpu = 00:00:06 ; elapsed = 00:00:06 . Memory (MB): peak = 1430.629 ; gain = 288.219
---------------------------------------------------------------------------------
---------------------------------------------------------------------------------
Finished RTL Optimization Phase 1 : Time (s): cpu = 00:00:06 ; elapsed = 00:00:06 . Memory (MB): peak = 1430.629 ; gain = 288.219
---------------------------------------------------------------------------------
Netlist sorting complete. Time (s): cpu = 00:00:00 ; elapsed = 00:00:00 . Memory (MB): peak = 1430.629 ; gain = 0.000
INFO: [Project 1-570] Preparing netlist for logic optimization
INFO: [Opt 31-141] Inserted 1 OBUFs to IO ports without IO buffers.

Processing XDC Constraints
Initializing timing engine
Parsing XDC File [D:/dataD files/FPGA Lab/Lab3/count_up_down/count_up_down.srcs/constrs_1/new/count_UP_Down.xdc]
Finished Parsing XDC File [D:/dataD files/FPGA Lab/Lab3/count_up_down/count_up_down.srcs/constrs_1/new/count_UP_Down.xdc]
Completed Processing XDC Constraints

INFO: [Opt 31-138] Pushed 0 inverter(s) to 0 load pin(s).
Netlist sorting complete. Time (s): cpu = 00:00:00 ; elapsed = 00:00:00 . Memory (MB): peak = 1526.016 ; gain = 0.000
INFO: [Project 1-111] Unisim Transformation Summary:
No Unisim elements were transformed.

RTL Elaboration Complete:  : Time (s): cpu = 00:00:25 ; elapsed = 00:00:13 . Memory (MB): peak = 1579.730 ; gain = 437.320
8 Infos, 0 Warnings, 0 Critical Warnings and 0 Errors encountered.
synth_design completed successfully
synth_design: Time (s): cpu = 00:00:31 ; elapsed = 00:00:21 . Memory (MB): peak = 1579.730 ; gain = 553.320
refresh_design
---------------------------------------------------------------------------------
Starting RTL Elaboration : Time (s): cpu = 00:00:05 ; elapsed = 00:00:05 . Memory (MB): peak = 1670.086 ; gain = 34.387
---------------------------------------------------------------------------------
INFO: [Synth 8-6157] synthesizing module 'countFSM' [D:/dataD files/FPGA Lab/Lab3/count_up_down/count_up_down.srcs/sources_1/new/up_down_count.v:23]
	Parameter S0 bound to: 2'b00 
	Parameter S1 bound to: 2'b01 
	Parameter S2 bound to: 2'b10 
	Parameter S3 bound to: 2'b11 
INFO: [Synth 8-226] default block is never used [D:/dataD files/FPGA Lab/Lab3/count_up_down/count_up_down.srcs/sources_1/new/up_down_count.v:72]
INFO: [Synth 8-6155] done synthesizing module 'countFSM' (1#1) [D:/dataD files/FPGA Lab/Lab3/count_up_down/count_up_down.srcs/sources_1/new/up_down_count.v:23]
---------------------------------------------------------------------------------
Finished RTL Elaboration : Time (s): cpu = 00:00:06 ; elapsed = 00:00:06 . Memory (MB): peak = 1698.977 ; gain = 63.277
---------------------------------------------------------------------------------
---------------------------------------------------------------------------------
Start Handling Custom Attributes
---------------------------------------------------------------------------------
---------------------------------------------------------------------------------
Finished Handling Custom Attributes : Time (s): cpu = 00:00:06 ; elapsed = 00:00:06 . Memory (MB): peak = 1721.836 ; gain = 86.137
---------------------------------------------------------------------------------
---------------------------------------------------------------------------------
Finished RTL Optimization Phase 1 : Time (s): cpu = 00:00:06 ; elapsed = 00:00:06 . Memory (MB): peak = 1721.836 ; gain = 86.137
---------------------------------------------------------------------------------
Netlist sorting complete. Time (s): cpu = 00:00:00 ; elapsed = 00:00:00 . Memory (MB): peak = 1721.836 ; gain = 0.000
INFO: [Project 1-570] Preparing netlist for logic optimization
INFO: [Opt 31-141] Inserted 1 OBUFs to IO ports without IO buffers.

Processing XDC Constraints
Initializing timing engine
Parsing XDC File [D:/dataD files/FPGA Lab/Lab3/count_up_down/count_up_down.srcs/constrs_1/new/count_UP_Down.xdc]
Finished Parsing XDC File [D:/dataD files/FPGA Lab/Lab3/count_up_down/count_up_down.srcs/constrs_1/new/count_UP_Down.xdc]
Completed Processing XDC Constraints

INFO: [Opt 31-138] Pushed 0 inverter(s) to 0 load pin(s).
refresh_design: Time (s): cpu = 00:00:16 ; elapsed = 00:00:11 . Memory (MB): peak = 1721.836 ; gain = 86.137
exit
INFO: [Common 17-206] Exiting Vivado at Mon Sep 19 20:32:47 2022...
