#-----------------------------------------------------------
# Vivado v2020.1 (64-bit)
# SW Build 2902540 on Wed May 27 19:54:49 MDT 2020
# IP Build 2902112 on Wed May 27 22:43:36 MDT 2020
# Start of session at: Tue Apr 26 15:53:07 2022
# Process ID: 4780
# Current directory: D:/dataD files/FPGA Lab/Lab4/project_1
# Command line: vivado.exe -gui_launcher_event rodinguilauncherevent24660 D:\dataD files\FPGA Lab\Lab4\project_1\project_1.xpr
# Log file: D:/dataD files/FPGA Lab/Lab4/project_1/vivado.log
# Journal file: D:/dataD files/FPGA Lab/Lab4/project_1\vivado.jou
#-----------------------------------------------------------
start_gui
open_project {D:/dataD files/FPGA Lab/Lab4/project_1/project_1.xpr}
Scanning sources...
Finished scanning sources
INFO: [IP_Flow 19-234] Refreshing IP repositories
INFO: [IP_Flow 19-1704] No user IP repositories specified
INFO: [IP_Flow 19-2313] Loaded Vivado IP repository 'C:/VIVADO/Vivado/2020.1/data/ip'.
open_project: Time (s): cpu = 00:00:18 ; elapsed = 00:00:07 . Memory (MB): peak = 1010.668 ; gain = 0.000
update_compile_order -fileset sources_1
eexit
INFO: [Common 17-206] Exiting Vivado at Tue Apr 26 16:03:21 2022...
