#-----------------------------------------------------------
# Vivado v2020.1 (64-bit)
# SW Build 2902540 on Wed May 27 19:54:49 MDT 2020
# IP Build 2902112 on Wed May 27 22:43:36 MDT 2020
# Start of session at: Tue Apr  5 15:22:36 2022
# Process ID: 26932
# Current directory: D:/dataD files/FPGA Lab/Lab4/project_1
# Command line: vivado.exe -gui_launcher_event rodinguilauncherevent34276 D:\dataD files\FPGA Lab\Lab4\project_1\project_1.xpr
# Log file: D:/dataD files/FPGA Lab/Lab4/project_1/vivado.log
# Journal file: D:/dataD files/FPGA Lab/Lab4/project_1\vivado.jou
#-----------------------------------------------------------
start_gui
open_project {D:/dataD files/FPGA Lab/Lab4/project_1/project_1.xpr}
Scanning sources...
Finished scanning sources
INFO: [IP_Flow 19-234] Refreshing IP repositories
INFO: [IP_Flow 19-1704] No user IP repositories specified
INFO: [IP_Flow 19-2313] Loaded Vivado IP repository 'C:/VIVADO/Vivado/2020.1/data/ip'.
open_project: Time (s): cpu = 00:00:55 ; elapsed = 00:00:33 . Memory (MB): peak = 1024.195 ; gain = 0.000
update_compile_order -fileset sources_1
exit
INFO: [Common 17-206] Exiting Vivado at Wed Apr  6 11:13:21 2022...
