#-----------------------------------------------------------
# Vivado v2020.1 (64-bit)
# SW Build 2902540 on Wed May 27 19:54:49 MDT 2020
# IP Build 2902112 on Wed May 27 22:43:36 MDT 2020
# Start of session at: Tue Apr 26 15:32:17 2022
# Process ID: 6124
# Current directory: D:/dataD files/FPGA Lab/Lab5/project_13
# Command line: vivado.exe -gui_launcher_event rodinguilauncherevent5216 D:\dataD files\FPGA Lab\Lab5\project_13\project_13.xpr
# Log file: D:/dataD files/FPGA Lab/Lab5/project_13/vivado.log
# Journal file: D:/dataD files/FPGA Lab/Lab5/project_13\vivado.jou
#-----------------------------------------------------------
start_gui
open_project {D:/dataD files/FPGA Lab/Lab5/project_13/project_13.xpr}
Scanning sources...
Finished scanning sources
INFO: [IP_Flow 19-234] Refreshing IP repositories
INFO: [IP_Flow 19-1704] No user IP repositories specified
INFO: [IP_Flow 19-2313] Loaded Vivado IP repository 'C:/VIVADO/Vivado/2020.1/data/ip'.
WARNING: [IP_Flow 19-2162] IP 'vio_0' is locked:
* The IP Data in the repository is incompatible with the current instance (despite having identical Version and Revision). You will need to upgrade the IP before viewing the customization and generating outputs.
open_project: Time (s): cpu = 00:00:40 ; elapsed = 00:00:42 . Memory (MB): peak = 1220.391 ; gain = 0.000
update_compile_order -fileset sources_1
exit
INFO: [Common 17-206] Exiting Vivado at Wed Apr 27 11:11:40 2022...
