#-----------------------------------------------------------
# Vivado v2020.1 (64-bit)
# SW Build 2902540 on Wed May 27 19:54:49 MDT 2020
# IP Build 2902112 on Wed May 27 22:43:36 MDT 2020
# Start of session at: Wed Mar 23 11:41:20 2022
# Process ID: 12172
# Current directory: D:/dataD files/FPGA Lab/Lab5/project_13
# Command line: vivado.exe -gui_launcher_event rodinguilauncherevent17132 D:\dataD files\FPGA Lab\Lab5\project_13\project_13.xpr
# Log file: D:/dataD files/FPGA Lab/Lab5/project_13/vivado.log
# Journal file: D:/dataD files/FPGA Lab/Lab5/project_13\vivado.jou
#-----------------------------------------------------------
start_gui
open_project {D:/dataD files/FPGA Lab/Lab5/project_13/project_13.xpr}
INFO: [Project 1-313] Project file moved from 'C:/Users/User/project_13' since last save.
Scanning sources...
Finished scanning sources
INFO: [IP_Flow 19-234] Refreshing IP repositories
INFO: [IP_Flow 19-1704] No user IP repositories specified
INFO: [IP_Flow 19-2313] Loaded Vivado IP repository 'C:/VIVADO/Vivado/2020.1/data/ip'.
WARNING: [IP_Flow 19-2162] IP 'vio_0' is locked:
* The IP Data in the repository is incompatible with the current instance (despite having identical Version and Revision). You will need to upgrade the IP before viewing the customization and generating outputs.
INFO: [Project 1-230] Project 'project_13.xpr' upgraded for this version of Vivado.
open_project: Time (s): cpu = 00:00:26 ; elapsed = 00:00:10 . Memory (MB): peak = 1030.668 ; gain = 0.000
update_compile_order -fileset sources_1
exit
INFO: [Common 17-206] Exiting Vivado at Wed Mar 23 11:48:56 2022...
